total 108K
drwxr-xr-x.   1 root root 4.0K Dec  3 16:30 .
drwxr-xr-x.   1 root root 4.0K Dec  3 16:30 ..
-rwxr-xr-x.   1 root root    0 Dec  3 16:30 .dockerenv
-rw-r--r--.   1 root root  12K Aug  1 01:10 anaconda-post.log
-rwxr-xr-x.   1 root root  182 Jan  1  1970 apply.sh
lrwxrwxrwx.   1 root root    7 Aug  1 01:09 bin -> usr/bin
drwxr-xr-x.  16 root root 4.1K Dec  3 16:30 dev
drwxr-xr-x.   1 root root 4.0K Dec  3 16:30 etc
drwxr-xr-x.   2 root root 4.0K Apr 11  2018 home
-rw-r--r--.   1 root root 5.6K Jan  1  1970 kubeconfig.kubeconfig
lrwxrwxrwx.   1 root root    7 Aug  1 01:09 lib -> usr/lib
lrwxrwxrwx.   1 root root    9 Aug  1 01:09 lib64 -> usr/lib64
-rw-r--r--.   1 root root  22K Jan  1  1970 list.yaml
drwxr-xr-x.   2 root root 4.0K Apr 11  2018 media
drwxr-xr-x.   2 root root 4.0K Apr 11  2018 mnt
-rw-r--r--.   1 root root    9 Jan  1  1970 namespace-file
drwxr-xr-x.   2 root root 4.0K Apr 11  2018 opt
dr-xr-xr-x. 400 root root    0 Nov 25 18:48 proc
dr-xr-x---.   1 root root 4.0K Sep  6 18:41 root
drwxr-xr-x.   1 root root 4.0K Sep  6 19:00 run
lrwxrwxrwx.   1 root root    8 Aug  1 01:09 sbin -> usr/sbin
drwxr-xr-x.   2 root root 4.0K Apr 11  2018 srv
dr-xr-xr-x.  13 root root    0 Nov 25 18:48 sys
drwxrwxrwt.   1 root root 4.0K Sep  6 19:00 tmp
drwxr-xr-x.   1 root root 4.0K Aug  1 01:09 usr
drwxr-xr-x.   1 root root 4.0K Aug  1 01:09 var
template.template.openshift.io/nodejs-mongo-persistent created
